<?xml version="1.0" encoding="UTF-8"?>
<testng-results ignored="0" total="2" passed="2" failed="0" skipped="0">
  <reporter-output>
  </reporter-output>
  <suite started-at="2025-04-14T22:16:05 IST" name="Default suite" finished-at="2025-04-14T22:16:05 IST" duration-ms="73">
    <groups>
    </groups>
    <test started-at="2025-04-14T22:16:05 IST" name="Default test" finished-at="2025-04-14T22:16:05 IST" duration-ms="73">
      <class name="com.dsce1.apptest">
        <test-method signature="testlogin1()[pri:0, instance:com.dsce1.apptest@3ba9ad43]" started-at="2025-04-14T22:16:05 IST" name="testlogin1" finished-at="2025-04-14T22:16:05 IST" duration-ms="30" status="PASS">
          <reporter-output>
          </reporter-output>
        </test-method> <!-- testlogin1 -->
        <test-method signature="testlogin2()[pri:0, instance:com.dsce1.apptest@3ba9ad43]" started-at="2025-04-14T22:16:05 IST" name="testlogin2" finished-at="2025-04-14T22:16:05 IST" duration-ms="2" status="PASS">
          <reporter-output>
          </reporter-output>
        </test-method> <!-- testlogin2 -->
      </class> <!-- com.dsce1.apptest -->
    </test> <!-- Default test -->
  </suite> <!-- Default suite -->
</testng-results>
